<?xml version="1.0" encoding="UTF-8"?>
<testng-results ignored="0" total="3" passed="2" failed="1" skipped="0">
  <reporter-output>
  </reporter-output>
  <suite started-at="2024-04-30T13:20:57 IST" name="Suite" finished-at="2024-04-30T13:21:03 IST" duration-ms="6520">
    <groups>
    </groups>
    <test started-at="2024-04-30T13:20:57 IST" name="Test" finished-at="2024-04-30T13:21:03 IST" duration-ms="6520">
      <class name="com.application.tests.ApiTest">
        <test-method is-config="true" signature="setupReport()[pri:0, instance:com.application.tests.ApiTest@3b0fe47a]" started-at="2024-04-30T13:20:56 IST" name="setupReport" finished-at="2024-04-30T13:20:57 IST" duration-ms="278" status="PASS">
          <reporter-output>
          </reporter-output>
        </test-method> <!-- setupReport -->
        <test-method signature="verifyCreateRepoRequest()[pri:1, instance:com.application.tests.ApiTest@3b0fe47a]" started-at="2024-04-30T13:20:57 IST" name="verifyCreateRepoRequest" finished-at="2024-04-30T13:21:00 IST" duration-ms="3562" status="FAIL">
          <exception class="java.lang.AssertionError">
            <message>
              <![CDATA[expected [true] but found [false]]]>
            </message>
            <full-stacktrace>
              <![CDATA[java.lang.AssertionError: expected [true] but found [false]
at org.testng.Assert.fail(Assert.java:111)
at org.testng.Assert.failNotEquals(Assert.java:1578)
at org.testng.Assert.assertTrue(Assert.java:57)
at org.testng.Assert.assertTrue(Assert.java:67)
at com.framework.commons.ApiCommons.verifyResponseTime(ApiCommons.java:54)
at com.application.tests.ApiTest.verifyCreateRepoRequest(ApiTest.java:18)
at java.base/jdk.internal.reflect.NativeMethodAccessorImpl.invoke0(Native Method)
at java.base/jdk.internal.reflect.NativeMethodAccessorImpl.invoke(NativeMethodAccessorImpl.java:77)
at java.base/jdk.internal.reflect.DelegatingMethodAccessorImpl.invoke(DelegatingMethodAccessorImpl.java:43)
at java.base/java.lang.reflect.Method.invoke(Method.java:568)
at org.testng.internal.invokers.MethodInvocationHelper.invokeMethod(MethodInvocationHelper.java:139)
at org.testng.internal.invokers.TestInvoker.invokeMethod(TestInvoker.java:664)
at org.testng.internal.invokers.TestInvoker.invokeTestMethod(TestInvoker.java:228)
at org.testng.internal.invokers.MethodRunner.runInSequence(MethodRunner.java:63)
at org.testng.internal.invokers.TestInvoker$MethodInvocationAgent.invoke(TestInvoker.java:961)
at org.testng.internal.invokers.TestInvoker.invokeTestMethods(TestInvoker.java:201)
at org.testng.internal.invokers.TestMethodWorker.invokeTestMethods(TestMethodWorker.java:148)
at org.testng.internal.invokers.TestMethodWorker.run(TestMethodWorker.java:128)
at java.base/java.util.ArrayList.forEach(ArrayList.java:1511)
at org.testng.TestRunner.privateRun(TestRunner.java:819)
at org.testng.TestRunner.run(TestRunner.java:619)
at org.testng.SuiteRunner.runTest(SuiteRunner.java:443)
at org.testng.SuiteRunner.runSequentially(SuiteRunner.java:437)
at org.testng.SuiteRunner.privateRun(SuiteRunner.java:397)
at org.testng.SuiteRunner.run(SuiteRunner.java:336)
at org.testng.SuiteRunnerWorker.runSuite(SuiteRunnerWorker.java:52)
at org.testng.SuiteRunnerWorker.run(SuiteRunnerWorker.java:95)
at org.testng.TestNG.runSuitesSequentially(TestNG.java:1301)
at org.testng.TestNG.runSuitesLocally(TestNG.java:1228)
at org.testng.TestNG.runSuites(TestNG.java:1134)
at org.testng.TestNG.run(TestNG.java:1101)
at org.testng.remote.AbstractRemoteTestNG.run(AbstractRemoteTestNG.java:115)
at org.testng.remote.RemoteTestNG.initAndRun(RemoteTestNG.java:251)
at org.testng.remote.RemoteTestNG.main(RemoteTestNG.java:77)
]]>
            </full-stacktrace>
          </exception> <!-- java.lang.AssertionError -->
          <reporter-output>
          </reporter-output>
        </test-method> <!-- verifyCreateRepoRequest -->
        <test-method signature="verifyGetRepoRequest()[pri:2, instance:com.application.tests.ApiTest@3b0fe47a]" started-at="2024-04-30T13:21:01 IST" name="verifyGetRepoRequest" finished-at="2024-04-30T13:21:02 IST" duration-ms="1758" status="PASS">
          <reporter-output>
          </reporter-output>
        </test-method> <!-- verifyGetRepoRequest -->
        <test-method signature="verifyDeleteRepoRequest()[pri:3, instance:com.application.tests.ApiTest@3b0fe47a]" started-at="2024-04-30T13:21:02 IST" name="verifyDeleteRepoRequest" finished-at="2024-04-30T13:21:03 IST" duration-ms="648" status="PASS">
          <reporter-output>
          </reporter-output>
        </test-method> <!-- verifyDeleteRepoRequest -->
      </class> <!-- com.application.tests.ApiTest -->
    </test> <!-- Test -->
  </suite> <!-- Suite -->
</testng-results>
